<?xml version="1.0" encoding="UTF-8"?>
<testng-results ignored="0" total="1" passed="1" failed="0" skipped="0">
  <reporter-output>
  </reporter-output>
  <suite started-at="2022-12-19T12:18:37 IST" name="Suite" finished-at="2022-12-19T12:18:46 IST" duration-ms="8237">
    <groups>
    </groups>
    <test started-at="2022-12-19T12:18:37 IST" name="Test" finished-at="2022-12-19T12:18:46 IST" duration-ms="8237">
      <class name="testCases.Test_Login_Functionality">
        <test-method is-config="true" signature="setup(java.lang.String)[pri:0, instance:testCases.Test_Login_Functionality@7ef82753]" started-at="2022-12-19T12:18:37 IST" name="setup" finished-at="2022-12-19T12:18:43 IST" duration-ms="5358" status="PASS">
          <params>
            <param index="0">
              <value>
                <![CDATA[chrome]]>
              </value>
            </param>
          </params>
          <reporter-output>
          </reporter-output>
        </test-method> <!-- setup -->
        <test-method signature="validateLoginFuctinality()[pri:0, instance:testCases.Test_Login_Functionality@7ef82753]" started-at="2022-12-19T12:18:43 IST" name="validateLoginFuctinality" finished-at="2022-12-19T12:18:46 IST" duration-ms="2830" status="PASS">
          <reporter-output>
          </reporter-output>
        </test-method> <!-- validateLoginFuctinality -->
      </class> <!-- testCases.Test_Login_Functionality -->
    </test> <!-- Test -->
  </suite> <!-- Suite -->
</testng-results>
